<?xml version="1.0" encoding="UTF-8"?>
<!-- Generated by org.testng.reporters.JUnitReportReporter -->
<testsuite hostname="DESKTOP-QF66LGP" name="homepagefunctions.Home_Page" tests="5" failures="0" timestamp="20 Sep 2019 15:27:52 GMT" time="35.295" errors="0">
  <testcase name="features" time="13.529" classname="homepagefunctions.Home_Page"/>
  <testcase name="more" time="8.560" classname="homepagefunctions.Home_Page"/>
  <testcase name="why_us" time="2.291" classname="homepagefunctions.Home_Page"/>
  <testcase name="solutions" time="8.825" classname="homepagefunctions.Home_Page"/>
  <testcase name="contact_us" time="2.090" classname="homepagefunctions.Home_Page"/>
</testsuite> <!-- homepagefunctions.Home_Page -->
